{
  "RSpec": {
    "coverage": {
      "/Users/inceptor/Projects/wdi-2/10-testing/fruitstore/config/environment.rb": [
        null,
        1,
        null,
        null,
        1
      ],
      "/Users/inceptor/Projects/wdi-2/10-testing/fruitstore/config/application.rb": [
        1,
        null,
        null,
        1,
        1,
        1,
        1,
        1,
        null,
        null,
        1,
        null,
        1,
        null,
        null,
        null,
        null,
        1,
        1,
        null,
        null,
        null,
        null,
        null,
        null,
        null,
        null,
        null,
        null,
        null,
        null,
        null,
        null,
        null,
        null,
        null,
        null,
        null,
        null,
        null,
        null,
        null,
        1,
        null,
        null,
        1,
        null,
        null,
        1,
        null,
        null,
        null,
        null,
        null,
        null,
        null,
        null,
        null,
        null,
        1,
        null,
        null,
        1,
        null,
        null,
        1,
        null,
        null
      ],
      "/Users/inceptor/Projects/wdi-2/10-testing/fruitstore/config/boot.rb": [
        1,
        null,
        null,
        1,
        null,
        1
      ],
      "/Users/inceptor/Projects/wdi-2/10-testing/fruitstore/config/environments/test.rb": [
        1,
        null,
        null,
        null,
        null,
        null,
        null,
        1,
        null,
        null,
        1,
        1,
        null,
        null,
        1,
        null,
        null,
        1,
        1,
        null,
        null,
        1,
        null,
        null,
        1,
        null,
        null,
        null,
        null,
        1,
        null,
        null,
        1,
        null,
        null,
        1,
        null
      ],
      "/Users/inceptor/Projects/wdi-2/10-testing/fruitstore/config/initializers/backtrace_silencers.rb": [
        null,
        null,
        null,
        null,
        null,
        null,
        null
      ],
      "/Users/inceptor/Projects/wdi-2/10-testing/fruitstore/config/initializers/inflections.rb": [
        null,
        null,
        null,
        null,
        null,
        null,
        null,
        null,
        null,
        null,
        null,
        null,
        null,
        null,
        null
      ],
      "/Users/inceptor/Projects/wdi-2/10-testing/fruitstore/config/initializers/mime_types.rb": [
        null,
        null,
        null,
        null,
        null
      ],
      "/Users/inceptor/Projects/wdi-2/10-testing/fruitstore/config/initializers/secret_token.rb": [
        null,
        null,
        null,
        null,
        null,
        null,
        1
      ],
      "/Users/inceptor/Projects/wdi-2/10-testing/fruitstore/config/initializers/session_store.rb": [
        null,
        null,
        1,
        null,
        null,
        null,
        null,
        null
      ],
      "/Users/inceptor/Projects/wdi-2/10-testing/fruitstore/config/initializers/wrap_parameters.rb": [
        null,
        null,
        null,
        null,
        null,
        null,
        1,
        1,
        null,
        null,
        null,
        1,
        1,
        null
      ],
      "/Users/inceptor/Projects/wdi-2/10-testing/fruitstore/app/controllers/application_controller.rb": [
        1,
        1,
        null
      ],
      "/Users/inceptor/Projects/wdi-2/10-testing/fruitstore/app/helpers/application_helper.rb": [
        1,
        null
      ],
      "/Users/inceptor/Projects/wdi-2/10-testing/fruitstore/app/helpers/fruits_helper.rb": [
        1,
        null
      ],
      "/Users/inceptor/Projects/wdi-2/10-testing/fruitstore/app/controllers/fruits_controller.rb": [
        1,
        1,
        7,
        null,
        7,
        7,
        11,
        null,
        null,
        null
      ],
      "/Users/inceptor/Projects/wdi-2/10-testing/fruitstore/app/models/fruit.rb": [
        null,
        null,
        null,
        null,
        null,
        null,
        null,
        null,
        null,
        1,
        1,
        1,
        null,
        1,
        null,
        1,
        null,
        null,
        null
      ],
      "/Users/inceptor/Projects/wdi-2/10-testing/fruitstore/app/models/apple.rb": [
        1,
        1,
        3,
        null,
        null
      ],
      "/Users/inceptor/Projects/wdi-2/10-testing/fruitstore/app/models/pear.rb": [
        1,
        1,
        3,
        null,
        null
      ],
      "/Users/inceptor/Projects/wdi-2/10-testing/fruitstore/app/models/stair.rb": [
        1,
        1,
        null
      ],
      "/Users/inceptor/Projects/wdi-2/10-testing/fruitstore/config/routes.rb": [
        1,
        1,
        null
      ],
      "/Users/inceptor/Projects/wdi-2/10-testing/fruitstore/spec/helpers/fruits_helper_spec.rb": [
        1,
        null,
        null,
        null,
        null,
        null,
        null,
        null,
        null,
        null,
        null,
        null,
        1,
        null,
        null
      ],
      "/Users/inceptor/Projects/wdi-2/10-testing/fruitstore/spec/models/fruit_spec.rb": [
        null,
        null,
        null,
        null,
        null,
        null,
        null,
        null,
        null,
        1,
        null,
        1,
        null,
        2,
        null,
        1,
        1,
        2,
        null,
        null,
        1,
        1,
        1,
        1,
        null,
        null,
        1,
        1,
        1,
        null,
        1,
        1,
        1,
        1,
        1,
        null,
        null,
        null,
        1,
        1,
        2,
        null,
        null,
        1,
        1,
        1,
        1,
        null,
        null,
        1,
        1,
        1,
        null,
        1,
        1,
        1,
        1,
        1,
        null,
        null,
        null
      ],
      "/Users/inceptor/Projects/wdi-2/10-testing/fruitstore/spec/models/stair_spec.rb": [
        1,
        null,
        1,
        2,
        null
      ]
    },
    "timestamp": 1386545344
  }
}
